<?xml version="1.0" encoding="UTF-8"?>
<!-- Generated by org.testng.reporters.JUnitReportReporter -->
<testsuite skipped="0" hostname="RajBihari-PC" name="com.actitime.scripts.LoginTest" tests="2" failures="0" timestamp="01 Jun 2020 18:50:07 GMT" time="25.751" errors="0">
  <testcase name="validLogin" time="11.843" classname="com.actitime.scripts.LoginTest"/>
  <testcase name="invalidLogin" time="13.908" classname="com.actitime.scripts.LoginTest"/>
</testsuite> <!-- com.actitime.scripts.LoginTest -->
